

        Program: CLUSTER2000X (test version)

        SUMMARY OF CLUSTERS IN  catalogue.dat                           

   18805 EVENTS READ   18805 EVENTS ACCEPTED       0 EVENTS WERE OUTSIDE TIME RANGE SPECIFIED
       0 EVENTS WERE REJECTED AS QUARRY BLASTS
       0 EVENTS REJECTED FOR MAGNITUDE  (MINIMUM MAGNITUDE =  0.00)

     18805 earthquakes tested;     250 clusters identified       5340 clustered events     Mon Aug 14 14:57:18 2017                                                                                                            
   rfact=10.000   tau0=2880.000   taumin=   2880.00   taumax=  14400.00   p1= 0.990   xk= 0.50   ierradj= 1


    N  -1ST EVENT-   DUR(DAYS)   NC  ------------EQUIVALENT EVENT-----------  --LARGEST EVENT--   2ND LARGEST EVENT         PCT(F)         DT    DM  
***###***
 A   1 930601 0132   167.857    517   6   48.42 -73   -2.78  149.73    6.00   9308081525   5.20   9307311736   5.10             41      7.909  0.10
 B   2 930601 1531     0.025      2   6   46.32 -73   -4.05  150.85    4.41   9306011531   4.40   9306011607   3.10              0      0.025 -1.30
 C   3 930604 0834     0.894      2   6   45.69 -73   -1.11  143.70    3.30   9306050601   3.20   9306040834   2.80            100      0.894  0.40
 E   5 930605 2219     0.624      2   6   50.70 -73   -0.72  154.20    4.11   9306052219   4.10   9306061318   2.60              0      0.624 -1.50
 G   7 930614 1101     0.042      2   6   48.51 -73   -8.82  146.55    4.30   9306141101   4.30   9306141201   2.10              0      0.042 -2.20
 H   8 930615 1258     0.140      2   5   14.73 -72  -39.69    8.00    4.71   9306151258   4.70   9306151620   3.40              0      0.140 -1.30
 I   9 930615 2118     0.002      2   4    3.15 -75  -16.98    0.05    3.65   9306152118   3.60   9306152121   2.90              0      0.002 -0.70
 K  11 930624 1103     2.977      3   6   53.14 -73   -6.42  150.87    3.63   9306271030   3.40   9306241103   3.20            100      2.977  0.20
 L  12 930628 1226     0.817      2   6   53.04 -73   -3.57  156.45    3.53   9306290803   3.40   9306281226   3.10            100      0.817  0.30
 N  14 930704 0521     0.974      2   5    2.88 -74  -45.96   14.50    2.83   9307040521   2.80   9307050444   1.90              0      0.974 -0.90
 O  15 930707 1411     0.545      2   6   52.47 -73   -0.72  153.70    3.96   9307071411   3.90   9307080316   3.30              0      0.545 -0.60
 P  16 930730 0620     0.118      2   2   30.63 -79  -51.51   38.75    4.65   9307300620   4.40   9307300910   4.40              0      0.118 -0.00
 R  18 930804 1359     0.725      2   6   47.94 -73   -5.64  147.55    3.40   9308050723   3.20   9308041359   3.10            100      0.725  0.10
 T  20 930817 0303     0.540      2   6   53.04 -73   -7.65  143.65    3.50   9308171601   3.30   9308170303   3.20            100      0.540  0.10
 U  21 930824 0903     0.945      2   6   43.41 -76  -41.64    0.00    3.00   9308250744   2.80   9308240903   2.70            100      0.945  0.10
 V  22 930907 1619     0.296      2   6   51.81 -72  -58.32  151.60    3.46   9309072325   3.30   9309071619   3.10            100      0.296  0.20
 W  23 930916 0020     1.291      2   7    2.43 -76  -42.03    0.00    3.06   9309160020   2.90   9309170719   2.70              0      1.291 -0.20
 Y  25 931014 0534     0.200      2   6   51.03 -73   -2.49  158.75    4.36   9310140534   4.30   9310141022   3.70              0      0.200 -0.60
 Z  26 931108 1725     0.719      2   6   51.87 -73   -4.92  159.20    4.35   9311081725   4.10   9311091040   4.10              0      0.719 -0.00
 A  27 931203 0639     1.766      3   6   47.40 -73   -0.20  150.00    3.23   9312030639   3.00   9312050102   2.80              0      1.766 -0.20
 B  28 931207 0945     0.197      2   6   43.80 -73   -4.20  150.00    3.76   9312070945   3.70   9312071428   3.10              0      0.197 -0.60
 C  29 931207 1549     0.523      3   6   47.60 -73   -4.80  150.00    4.09   9312071549   4.00   9312072355   3.50              0      0.338 -0.50
 D  30 940102 0555     1.218      3   6   48.44 -73   -9.26  150.00    5.30   9401020555   5.30   9401031107   3.30              0      1.217 -2.00
 E  31 940103 1423     1.944      2   6   46.62 -73   -2.64  150.00    3.36   9401031423   3.20   9401051302   3.00              0      1.944 -0.20
 F  32 940105 1428     1.826      2   6   43.80 -73   -2.64  155.00    4.83   9401051428   4.80   9401071018   3.90              0      1.826 -0.90
 G  33 940109 2134     1.306      2   6   47.49 -73   -3.63  150.00    3.63   9401110455   3.50   9401092134   3.20            100      1.306  0.30
 H  34 940111 0802     0.344      2   6   48.09 -73   -3.87  155.00    4.26   9401111618   4.10   9401110802   3.90            100      0.344  0.20
 I  35 940114 0830     0.853      2   6   53.34 -72  -54.99  168.70    4.46   9401150458   4.30   9401140830   4.10            100      0.853  0.20
 J  36 940116 2200     0.142      2   6   48.06 -73   -4.50  150.00    3.95   9401162200   3.90   9401170124   3.20              0      0.142 -0.70
 K  37 940117 0749     7.095      4   6   45.30 -73   -0.11  150.00    4.13   9401241006   3.90   9401170749   3.70            100      7.095  0.20
 L  38 940118 0726    38.139     25   6   46.57 -73   -3.04  150.20    4.63   9401180726   4.30   9401280103   3.80              0      9.734 -0.50
 M  39 940119 0008     0.342      2   6   51.72 -73   -1.77  155.00    3.25   9401190008   3.00   9401190821   3.00              0      0.342 -0.00
 N  40 940125 2140    24.553     13   6   50.47 -73   -5.77  150.00    4.31   9401252140   3.90   9401270923   3.60              0      1.488 -0.30
 O  41 940126 0050     1.007      2   6   51.45 -73   -0.75  155.00    3.78   9401270100   3.70   9401260050   3.20            100      1.007  0.50
 P  42 940128 0921    19.623      5   6   48.24 -73   -0.26  155.00    4.24   9401310820   3.80   9402081913   3.80             15      8.453 -0.00
 Q  43 940209 1208     0.553      2   5   37.41 -74  -22.29   98.50    4.01   9402091208   4.00   9402100124   2.80              0      0.553 -1.20
 R  44 940213 2222     1.756      2   6   48.03 -72  -59.97  160.00    3.73   9402151630   3.60   9402132222   3.30            100      1.756  0.30
 S  45 940217 1437     6.300      5   6   53.95 -73   -6.59  153.00    4.42   9402171437   4.40   9402180244   3.20              0      0.505 -1.20
 T  46 940218 0013     1.276      2   6   50.58 -73   -8.37  150.00    3.75   9402180013   3.70   9402190650   3.00              0      1.276 -0.70
 U  47 940220 0253     0.726      2   6   42.72 -73   -4.68  162.50    4.91   9402200253   4.90   9402202018   3.60              0      0.726 -1.30
 V  48 940225 1058   116.296    254   6   49.97 -73   -2.74  153.35    6.08   9402261152   5.60   9403281927   5.50              1     30.316 -0.10
 Y  51 940315 2011     8.335      3   6   48.62 -73  -10.68  150.00    3.82   9403152011   3.70   9403240413   3.30              0      8.335 -0.40
 C  55 940411 0800     0.420      2   2   14.25 -79  -46.98   40.05    4.52   9404110800   4.50   9404111805   3.40              0      0.420 -1.10
 D  56 940427 1406     0.019      2   1   52.29 -76   -0.87    0.05    3.93   9404271406   3.80   9404271434   3.50              0      0.019 -0.30
 E  57 940506 1218     0.207      2   6   49.38 -76  -41.19    0.00    4.90   9405061218   4.90   9405061716   3.20              0      0.207 -1.70
 F  58 940513 2114     1.045      2   6   50.10 -73   -4.02  142.20    3.25   9405132114   3.00   9405142219   3.00              0      1.045 -0.00
 H  60 940521 2244     1.178      2   6   49.86 -73   -3.18  167.85    4.52   9405212244   4.50   9405230300   3.40              0      1.178 -1.10
 I  61 940526 1257     0.405      2   6   53.31 -72  -59.85  160.70    3.36   9405261257   3.20   9405262240   3.00              0      0.405 -0.20
 J  62 940531 1741     0.152      5   7   34.08 -71  -43.51   78.64    6.41   9405311741   6.40   9405311858   5.00              0      0.053 -1.40
 K  63 940605 0331     0.050      2   6   52.50 -73   -4.20  150.00    3.33   9406050443   3.20   9406050331   2.90            100      0.050  0.30
 L  64 940621 1220     1.596      4   6   48.60 -73   -9.00  150.00    4.91   9406211220   4.90   9406230238   3.50              0      1.596 -1.40
 M  65 940702 0924     9.092      8   6   49.37 -73  -10.68  150.00    4.48   9407102352   4.30   9407020924   3.80             95      8.603  0.50
 N  66 940703 1540     1.311      2   6   49.38 -73  -21.48  150.00    5.20   9407031540   5.20   9407042308   3.50              0      1.311 -1.70
 O  67 940705 1808     1.337      2   6   46.02 -73   -7.02  150.00    4.11   9407051808   4.10   9407070213   2.80              0      1.337 -1.30
 P  68 940710 0239   345.920    803   6   49.70 -73   -4.82  149.69    6.43   9412101524   6.10   9408251619   5.50             44    106.962  0.60
 Q  69 940713 0031     0.260      2   6   50.79 -73   -4.29  150.00    4.10   9407130645   3.90   9407130031   3.80            100      0.260  0.10
 U  73 940730 2315     0.124      2   6   50.13 -73  -10.68  152.50    4.56   9407302315   4.40   9407310214   4.20              0      0.124 -0.20
 V  74 940802 1130     1.253      2   2   39.63 -76   -7.68    5.00    3.61   9408021130   3.60   9408031734   2.30              0      1.253 -1.30
 W  75 940804 0250     4.787      6   2   42.22 -76   -6.85    3.72    4.70   9408040250   4.70   9408050757   2.70              0      1.213 -2.00
 X  76 940812 1559     0.215      2   5   55.38 -74  -12.21    0.00    3.82   9408121559   3.80   9408122109   2.80              0      0.215 -1.00
 Z  78 940821 1858     1.497      2   6   48.39 -73   -6.75  144.00    3.92   9408211858   3.90   9408230653   2.80              0      1.497 -1.10
 B  80 940829 0743     1.828      9   2   43.57 -76   -4.92    4.96    4.71   9408290743   4.70   9408290944   3.30              0      0.084 -1.40
 C  81 940902 1938     1.592      2   6   38.70 -72  -53.16  150.00    3.16   9409021938   3.00   9409040950   2.80              0      1.592 -0.20
 E  83 940913 1001     3.874     17   7   14.11 -76  -41.98   13.78    6.42   9409131001   6.40   9409131145   5.10              0      0.072 -1.30
 F  84 940913 1012     0.399      2   7   33.33 -76  -57.60   11.90    5.40   9409131012   5.40   9409131947   3.60              0      0.399 -1.80
 G  85 940913 1428     0.890      3   6   59.18 -76  -39.18    3.53    4.60   9409131428   4.60   9409131538   2.80              0      0.049 -1.80
 H  86 940914 1347     0.966      2   7    1.71 -76  -42.27    0.35    3.44   9409141347   3.40   9409151258   2.60              0      0.966 -0.80
 I  87 940927 2304     1.410      3   5   46.64 -79  -12.16   36.20    6.21   9409272304   6.20   9409272324   4.80              0      0.014 -1.40
 J  88 940930 2023     0.038      2   6   55.11 -72  -52.59  150.00    3.75   9409302023   3.50   9409302118   3.50              0      0.038 -0.00
 K  89 940930 2302     0.058      2   5   51.27 -79  -20.70   36.95    4.00   9409302302   3.80   9410010025   3.70              0      0.058 -0.10
 L  90 941006 0938     0.020      2   6   53.79 -76   -0.09    4.00    2.95   9410060938   2.70   9410061007   2.70              0      0.020 -0.00
 M  91 941006 2051     0.721      2   6   56.46 -75  -59.79    3.90    4.05   9410062051   3.80   9410071409   3.80              0      0.721 -0.00
 N  92 941010 1407     0.661      2   6   48.96 -73   -0.57  150.00    3.40   9410101407   3.20   9410110559   3.10              0      0.661 -0.10
 O  93 941026 0351     1.483      2   1   41.46 -76  -21.33    3.50    4.00   9410260351   4.00   9410271527   2.40              0      1.483 -1.60
 P  94 941104 2022     0.008      2   6   52.41 -75  -58.23    0.00    3.45   9411042022   3.40   9411042034   2.70              0      0.008 -0.70
 Q  95 941123 0329     1.006      6   6   59.21 -75  -37.81    0.68    4.13   9411240227   3.80   9411230329   3.70             95      0.957  0.10
 R  96 941123 0626     0.835      2   6   54.72 -75  -35.04    0.05    3.00   9411240229   2.90   9411230626   2.50            100      0.835  0.40
 S  97 941202 0540     1.717      2   6   54.24 -73   -7.65  150.70    3.70   9412020540   3.70   9412032253   2.10              0      1.717 -1.60
 U  99 950113 1815     1.471      2   6   50.64 -72  -48.69  150.00    3.50   9501131815   3.30   9501150533   3.20              0      1.471 -0.10
 V 100 950119 1505     1.094      4   5    3.25 -73   -4.23    0.55    6.60   9501191505   6.60   9501192104   2.50              0      0.249 -4.10
 W 101 950122 1041    18.724     31   5    6.86 -73   -1.82    3.39    6.01   9501221041   6.00   9501221143   4.50              0      0.043 -1.50
 X 102 950124 1159     1.780      2   5    7.74 -73   -6.87    4.95    2.25   9501241159   2.00   9501260642   2.00              0      1.780 -0.00
 Y 103 950125 0006     1.504      2   5    4.38 -72  -51.36    4.00    3.28   9501250006   3.20   9501261212   2.70              0      1.504 -0.50
 Z 104 950128 1218     1.221      2   5   30.81 -73  -38.16    0.50    5.10   9501281218   5.10   9501291736   1.70              0      1.221 -3.40
 A 105 950208 1840     2.016      7   4    6.63 -76  -43.17   90.63    6.60   9502081840   6.60   9502082047   3.80              0      0.088 -2.80
 B 106 950221 0755     0.039      2   2   40.26 -79  -31.02    0.25    3.65   9502210755   3.60   9502210851   2.90              0      0.039 -0.70
 D 108 950304 2323     0.899      2   1   16.20 -77  -17.97    0.65    5.00   9503042323   5.00   9503052057   3.10              0      0.899 -1.90
 E 109 950310 1245     0.001      2   5   14.64 -73  -14.22    3.70    2.55   9503101245   2.30   9503101247   2.30              0      0.001 -0.00
 F 110 950330 0641     0.003      2   5   51.15 -73  -11.85    0.00    2.43   9503300646   2.30   9503300641   2.00            100      0.003  0.30
 G 111 950406 1926     0.251      2   5    6.90 -72  -52.68    0.00    5.10   9504061926   5.10   9504070127   3.10              0      0.251 -2.00
 H 112 950409 0231     1.736      2   6   46.41 -72  -51.90  160.00    3.86   9504090231   3.80   9504102011   3.20              0      1.736 -0.60
 I 113 950422 1116     2.267     22   5   11.18 -72  -23.03    0.11    5.48   9504232355   5.40   9504240029   4.80             67      0.024 -0.60
 K 115 950508 0835     0.084      2   6   46.35 -73   -7.35  145.65    2.96   9505080835   2.80   9505081036   2.60              0      0.084 -0.20
 L 116 950514 1553     1.231      2   2   50.91 -75  -55.62   11.00    2.85   9505152125   2.80   9505141553   2.10            100      1.231  0.70
 M 117 950604 1739     0.183      2   4   54.84 -74  -36.84   19.75    4.61   9506041739   4.60   9506042203   3.20              0      0.183 -1.40
 N 118 950616 1906     0.035      2   6   46.89 -72  -55.62  150.00    3.92   9506161906   3.90   9506161957   2.80              0      0.035 -1.10
 O 119 950620 1319     0.103      2   6   47.04 -73  -10.68  150.00    3.36   9506201319   3.20   9506201548   3.00              0      0.103 -0.20
 P 120 950701 2125   599.724   1605   6   49.41 -73   -5.17  149.45    6.44   9701010435   5.80   9510091436   5.50             92    449.583  0.30
 Q 121 950702 1500     1.109      4   6   49.32 -73   -5.15  150.00    3.59   9507021500   3.20   9507031737   3.10              0      1.109 -0.10
 R 122 950706 0430     0.301      2   6   53.28 -73   -3.12  160.00    3.30   9507061143   3.20   9507060430   2.80            100      0.301  0.40
 T 124 950715 1800     0.129      2   6   54.30 -73   -5.49  150.00    3.50   9507151800   3.30   9507152106   3.20              0      0.129 -0.10
 U 125 950715 2145     0.947      2   6   46.53 -73   -0.81  150.00    3.76   9507152145   3.60   9507162029   3.40              0      0.947 -0.20
 W 127 950723 2115     0.799      2   6   51.30 -73   -8.04  149.35    2.94   9507232115   2.90   9507241626   2.10              0      0.799 -0.80
 X 128 950728 2217     1.715      2   6   55.59 -73   -7.14  150.35    3.25   9507282217   3.00   9507301526   3.00              0      1.715 -0.00
 Y 129 950814 0242     1.025      2   6   45.60 -73   -5.31  150.00    4.94   9508150318   4.90   9508140242   4.10            100      1.025  0.80
 Z 130 950831 1952     0.453      2   6   52.02 -73   -3.54  160.00    4.01   9508311952   4.00   9509010645   2.80              0      0.453 -1.20
 A 131 950912 0751     0.350      2   6   48.96 -72  -58.35  160.00    4.16   9509121615   4.10   9509120751   3.50            100      0.350  0.60
 B 132 950925 2352     1.607      3   6   52.78 -73   -4.22  160.00    4.61   9509260222   4.60   9509252352   3.10              6      0.104  1.50
 C 133 951001 1256     0.494      2   6   48.36 -73   -0.09  150.00    3.53   9510011256   3.40   9510020048   3.10              0      0.494 -0.30
 F 136 951031 0524     1.554      3   7   37.92 -75  -34.84    0.00    5.30   9510310524   5.30   9511011842   3.00              0      1.554 -2.30
 G 137 951109 2308    12.522      5   6   50.06 -73   -1.97  160.00    3.77   9511110144   3.40   9511221139   3.40              9     11.413 -0.00
 J 140 951230 1208     0.690      2   4    1.23 -74  -10.62    0.55    4.50   9512301208   4.50   9512310442   2.80              0      0.690 -1.70
 L 142 960103 0328     0.001      2   6   48.48 -73   -4.62  160.00    3.25   9601030328   3.00   9601030330   3.00              0      0.001 -0.00
 M 143 960203 1226     0.276      2   2   33.15 -79  -52.86   41.25    4.61   9602031226   4.60   9602031903   3.40              0      0.276 -1.20
 N 144 960223 0258     0.980      2   6   45.63 -73   -2.19  147.05    2.65   9602230258   2.40   9602240229   2.40              0      0.980 -0.00
 O 145 960321 0107     0.001      2   6   54.06 -73   -4.68  160.00    3.35   9603210107   3.10   9603210108   3.10              0      0.001 -0.00
 P 146 960328 2247     1.542      3   6   47.18 -73   -7.56  144.60    3.47   9603282247   3.40   9603290329   2.70              0      0.196 -0.70
 Q 147 960503 1243     2.161      3   6   47.34 -73   -1.06  153.93    3.77   9605031243   3.70   9605040948   3.00              0      0.878 -0.70
 R 148 960702 2216     1.110      3   6   46.22 -73   -5.30  150.00    3.33   9607040054   3.00   9607022216   2.90            100      1.110  0.10
 S 149 960708 0303     0.001      2   2   36.36 -76  -10.98    2.25    3.10   9607080303   2.90   9607080303   2.80              0      0.000 -0.10
 T 150 960726 1253     0.488      3   5   35.70 -78   -7.88    0.00    4.35   9607270036   4.10   9607270036   3.90            100      0.000 -0.20
 U 151 960806 1701     0.247      2   7    8.28 -75   -9.81    0.00    4.71   9608061701   4.70   9608062257   3.20              0      0.247 -1.50
 V 152 961104 1724     1.988     12   7   22.78 -77  -26.75    0.46    6.11   9611041724   6.10   9611051547   4.50              0      0.933 -1.60
 W 153 961122 0108     0.178      2   6   11.40 -74  -21.15    2.25    4.70   9611220108   4.70   9611220525   2.50              0      0.178 -2.20
 X 154 961220 1531     1.647      3   6   52.72 -73   -2.18  160.00    3.66   9612201531   3.60   9612220228   2.70              0      1.456 -0.90
 Y 155 961223 0621     0.001      2   3   35.82 -74  -21.36    0.00    4.26   9612230621   4.10   9612230621   3.90              0      0.000 -0.20
 A 157 961227 2048     1.794      2   6   51.39 -73   -7.23  145.85    3.63   9612272048   3.50   9612291552   3.20              0      1.794 -0.30
 B 158 961228 1519     0.432      2   6   49.17 -73   -7.65  146.25    2.86   9612290141   2.70   9612281519   2.50            100      0.432  0.20
 C 159 970104 1350     0.509      2   6   44.37 -73   -3.51  149.15    3.75   9701041350   3.50   9701050203   3.50              0      0.509 -0.00
 D 160 970106 2231     0.195      2   6   51.27 -73   -6.33  153.80    3.78   9701062231   3.70   9701070312   3.20              0      0.195 -0.50
 F 162 970123 0743     0.138      2   6   45.06 -73   -6.78  139.15    3.20   9701230743   3.10   9701231101   2.70              0      0.138 -0.40
 G 163 970124 1102     0.890      2   6   44.61 -73   -5.79  141.80    2.95   9701241102   2.70   9701250823   2.70              0      0.890 -0.00
 H 164 970221 0327     9.751      6   6   50.23 -73   -3.08  149.98    3.53   9702220425   3.10   9702242332   3.00             11      2.797 -0.10
 I 165 970221 2214     1.654      2   6   49.80 -73   -4.77  160.00    3.55   9702212214   3.50   9702231356   2.80              0      1.654 -0.70
 J 166 970224 1131     3.133      7   6   54.07 -73   -4.64  158.33    5.05   9702260010   5.00   9702261148   3.80             49      0.485 -1.20
 K 167 970303 1048     0.298      2   6   48.78 -73   -7.08  145.80    3.50   9703031757   3.40   9703031048   3.00            100      0.298  0.40
 L 168 970310 1417     0.731      3   5    7.16 -72  -44.20    0.00    5.20   9703101417   5.20   9703101458   3.30              0      0.028 -1.90
 M 169 970322 2052     0.840      2   6   49.95 -72  -54.09  160.00    3.60   9703231702   3.50   9703222052   3.10            100      0.840  0.40
 N 170 970325 0424     1.957      5   6   49.08 -73   -6.07  150.00    4.27   9703261937   4.20   9703261959   3.30             83      0.015 -0.90
 O 171 970327 2124     0.622      2   6   49.44 -73   -0.75  160.00    3.73   9703281220   3.60   9703272124   3.30            100      0.622  0.30
 P 172 970329 1051     1.453      2   6   48.66 -73   -3.87  147.45    3.03   9703291051   2.90   9703302144   2.60              0      1.453 -0.30
 Q 173 970401 1623     1.053      2   6   48.63 -72  -58.65  150.00    3.78   9704021740   3.70   9704011623   3.20            100      1.053  0.50
 R 174 970406 0731     1.156      2   6   50.52 -73   -5.64  150.00    3.54   9704071115   3.50   9704060731   2.70            100      1.156  0.80
 S 175 970418 0516     0.870      2   6   48.87 -72  -58.32  160.00    3.68   9704190209   3.60   9704180516   3.10            100      0.870  0.50
 T 176 970422 1923     1.803      2   6   51.60 -73   -3.42  160.00    3.75   9704221923   3.70   9704241440   3.00              0      1.803 -0.70
 U 177 970430 0112     1.367      2   6   50.73 -73   -8.07  145.10    3.81   9704300112   3.80   9705011001   2.60              0      1.367 -1.20
 V 178 970511 1817   135.468    164   6   49.79 -73   -3.31  152.53    6.52   9706111911   6.20   9706110707   6.10             23      0.503  0.10
 Y 181 970717 1245     0.304      3   3   50.90 -74   -5.70    1.00    5.11   9707171245   5.10   9707171326   3.90              0      0.028 -1.20
 A 183 970907 0246     0.177      3   2   34.86 -80  -18.12   42.10    4.80   9709070246   4.80   9709070701   2.70              0      0.177 -2.10
 B 184 970919 2114     0.001      2   1    5.52 -77  -26.76    3.90    2.85   9709192114   2.60   9709192114   2.60              0      0.000 -0.00
 C 185 971001 2235     1.440      2   6   52.26 -73   -4.83  152.20    4.22   9710012235   4.20   9710030908   3.20              0      1.440 -1.00
 D 186 971004 1120     0.776      2   6   49.80 -73   -1.89  155.95    4.06   9710041120   3.90   9710050557   3.70              0      0.776 -0.20
 E 187 971026 1809    13.087      8   6   47.72 -72  -58.61  153.74    4.54   9710261809   4.50   9711020914   3.50              0      6.628 -1.00
 F 188 971029 0020     0.233      2   6   48.51 -73   -2.85  152.85    3.92   9710290020   3.90   9710290556   2.80              0      0.233 -1.10
 G 189 971103 0407     1.922      2   6   46.59 -73   -3.12  153.35    4.52   9711030407   4.50   9711050215   3.50              0      1.922 -1.00
 H 190 971109 0326     0.199      2   6   46.71 -72  -57.42  155.30    3.73   9711090326   3.60   9711090812   3.30              0      0.199 -0.30
 I 191 971112 0434     1.210      2   6   49.83 -73   -9.24  142.90    3.50   9711120434   3.40   9711130937   3.00              0      1.210 -0.40
 J 192 971124 1856     1.314      3   6   49.00 -72  -59.82  152.00    3.85   9711241856   3.80   9711252235   3.00              0      1.152 -0.80
 K 193 971205 1403    18.399     11   6   49.61 -73   -3.47  154.79    4.66   9712142102   4.40   9712051403   4.10             50      9.291  0.30
 L 194 971207 1440     1.562      4   6   49.71 -73   -3.02  149.23    3.95   9712071440   3.70   9712072046   3.60              0      0.254 -0.10
 M 195 971212 0733     0.001      2   1   16.80 -78  -35.82   18.00    3.05   9712120733   2.80   9712120733   2.80              0      0.000 -0.00
 N 196 971212 1609     1.483      2   6   47.73 -72  -58.98  153.15    3.68   9712121609   3.60   9712140345   3.10              0      1.483 -0.50
 O 197 980101 0711     1.958      2   6   50.97 -72  -55.32  160.00    3.73   9801010711   3.70   9801030611   2.80              0      1.958 -0.90
 P 198 980107 1301    12.494     11   6   49.00 -72  -57.80  159.09    5.02   9801180138   5.00   9801081311   3.60             84      9.519  1.40
 Q 199 980112 0609     1.740      2   6   48.96 -72  -55.44  150.00    3.64   9801120609   3.60   9801132355   2.80              0      1.740 -0.80
 R 200 980113 0208    28.109     14   6   49.45 -73   -8.46  150.57    5.34   9801201508   5.30   9801130208   4.20             27      7.542  1.10
 S 201 980114 0747    44.459     58   6   49.05 -73   -2.69  152.49    5.16   9801140923   5.00   9801292044   4.10              0     15.473 -0.90
 T 202 980116 0741     4.501      3   6   18.24 -73  -34.96    0.00    3.53   9801201942   3.40   9801160741   3.00            100      4.501  0.40
 U 203 980116 1537     1.435      2   6   18.45 -73  -30.99    0.00    2.98   9801161537   2.90   9801180204   2.40              0      1.435 -0.50
 V 204 980117 0313     9.040      9   6   20.83 -73  -36.14    0.00    4.15   9801260341   3.80   9801180040   3.70            100      8.126  0.10
 W 205 980117 0723     0.947      2   6   19.50 -73  -33.69    0.00    2.75   9801170723   2.50   9801180606   2.50              0      0.947 -0.00
 Y 207 980130 1148     0.551      3   6   18.82 -73  -33.80    0.00    3.12   9801301201   2.90   9801301148   2.70              2      0.009  0.20
 Z 208 980210 0624     0.137      2   5   10.71 -73   -3.57    0.05    4.80   9802100624   4.80   9802100941   2.50              0      0.137 -2.30
 A 209 980217 1606     0.116      3   7   34.34 -71  -43.56    0.00    4.53   9802171606   4.50   9802171853   3.50              0      0.116 -1.00
 B 210 980304 0230     1.574      2   6   50.70 -73   -0.33  160.00    3.92   9803040230   3.90   9803051616   2.90              0      1.574 -1.00
 C 211 980306 0937     7.823     11   6   15.19 -73  -52.11    1.49    5.61   9803060937   5.40   9803080459   5.30              0      1.807 -0.10
 D 212 980309 0207     6.298      6   6   51.07 -73  -12.50  149.73    5.01   9803090207   5.00   9803100730   3.60              0      1.224 -1.40
 E 213 980310 0551     9.808     10   6   48.91 -73   -5.15  151.32    4.65   9803100551   4.60   9803102036   3.70              0      0.615 -0.90
 F 214 980313 1005     0.847      2   7   30.45 -72   -0.18    1.65    4.50   9803131005   4.40   9803140624   4.00              0      0.847 -0.40
 G 215 980313 2136     1.045      2   6   50.49 -72  -59.43  148.00    4.02   9803132136   4.00   9803142241   3.00              0      1.045 -1.00
 H 216 980316 2219    13.818     14   6   49.30 -73   -2.73  157.86    5.72   9803300508   5.70   9803290019   4.50             96      1.201  1.20
 J 218 980328 2102     0.542      2   6   48.93 -72  -53.67  160.00    3.50   9803291003   3.40   9803282102   3.00            100      0.542  0.40
 L 220 980404 1118     1.576      2   6   46.74 -72  -55.05  160.00    3.63   9804060107   3.50   9804041118   3.20            100      1.576  0.30
 M 221 980411 0929     5.676      4   6   49.67 -73   -0.16  156.88    4.18   9804110929   4.10   9804121337   3.40              0      1.172 -0.70
 N 222 980414 1756     6.665      4   6   48.51 -73   -4.63  151.25    3.82   9804141756   3.60   9804151015   3.40              0      0.680 -0.20
 O 223 980415 0257     6.187      3   6   47.62 -73   -2.22  154.23    3.81   9804150257   3.60   9804210726   3.30              0      6.187 -0.30
 P 224 980417 0344     7.416      4   6   50.73 -73   -1.47  155.88    4.04   9804170344   3.90   9804180858   3.60              0      1.218 -0.30
 Q 225 980423 2112     1.932      2   6   51.99 -73   -4.92  160.00    3.86   9804251934   3.80   9804232112   3.20            100      1.932  0.60
 R 226 980425 1523     0.574      2   6   50.58 -73   -1.32  160.00    3.36   9804260510   3.20   9804251523   3.00            100      0.574  0.20
 S 227 980430 1529    17.399     28   6   49.71 -73   -0.59  155.48    5.66   9805061123   5.50   9804302142   5.20             34      5.570  0.30
 U 229 980501 0353     0.897      2   6   50.79 -73  -10.68  150.00    4.90   9805010353   4.90   9805020125   2.70              0      0.897 -2.20
 W 231 980519 0302     0.996      2   6   50.31 -73   -6.66  165.25    4.30   9805190302   4.30   9805200256   2.60              0      0.996 -1.70
 X 232 980525 0217   153.768    232   6   49.54 -73   -3.99  151.77    5.85   9805250217   5.30   9809030337   4.90              0    101.056 -0.40
 Y 233 980527 0913     0.747      2   6   49.44 -73  -13.89  136.65    3.18   9805270913   3.10   9805280309   2.60              0      0.747 -0.50
 Z 234 980528 0237     1.731      2   6   49.89 -73   -3.15  158.80    4.16   9805280237   4.10   9805292009   3.50              0      1.731 -0.60
 B 236 980610 1452     1.367      2   6   49.65 -73  -10.53  144.15    4.32   9806101452   4.30   9806112340   3.20              0      1.367 -1.10
 C 237 980702 0547     1.535      3   6   47.90 -72  -57.74  160.00    3.94   9807020547   3.80   9807031838   3.40              0      1.535 -0.40
 D 238 980718 2351     0.009      2   1   20.04 -77  -54.36    0.00    4.61   9807182351   4.60   9807190004   3.10              0      0.009 -1.50
 E 239 980726 0140     0.001      2   8   21.51 -75  -17.40   32.05    3.05   9807260140   2.80   9807260140   2.80              0      0.000 -0.00
 G 241 980814 0715     0.059      2   6   51.69 -73   -2.43  144.10    2.70   9808140715   2.50   9808140840   2.40              0      0.059 -0.10
 H 242 980814 1041     0.213      2   6   51.30 -73   -3.96  143.60    3.03   9808141548   2.90   9808141041   2.60            100      0.213  0.30
 J 244 980919 0615     0.025      2   6   41.16 -76  -51.00    0.00    4.93   9809190615   4.90   9809190651   4.00              0      0.025 -0.90
 K 245 980919 1441     0.688      2   6   50.82 -73   -9.90  150.00    3.80   9809191441   3.70   9809200711   3.30              0      0.688 -0.40
 M 247 981001 0402     1.041      3   6   47.12 -73   -3.06  160.00    4.71   9810010402   4.70   9810020501   3.40              0      1.041 -1.30
 N 248 981026 2155     1.690      7   6   47.32 -73   -7.34  144.49    5.40   9810262155   5.40   9810272214   3.60              0      1.013 -1.80
 O 249 981105 2317     1.592      2   6   49.71 -73   -0.33  160.00    3.95   9811052317   3.70   9811071329   3.70              0      1.592 -0.00
 P 250 981108 2341     1.861      2   6   48.24 -73   -4.05  152.00    3.66   9811082341   3.60   9811102021   3.00              0      1.861 -0.60
 Q 251 981122 0615     0.692      2   6   48.72 -73  -13.23  148.30    3.46   9811220615   3.40   9811222252   2.80              0      0.692 -0.60
 R 252 981128 1846     1.585      2   6   49.44 -73   -7.83  151.65    3.94   9811281846   3.90   9811300849   3.10              0      1.585 -0.80
 S 253 981203 1443   335.793    763   6   49.04 -73   -4.44  150.94    6.31   9904140725   5.70   9812040339   5.50             39    131.157  0.20
 U 255 981209 0110     1.127      2   6   48.18 -72  -59.64  146.60    3.16   9812090110   3.10   9812100413   2.50              0      1.127 -0.60
 W 257 981231 0354     0.014      2   1   36.18 -76  -35.73    4.25    2.76   9812310354   2.70   9812310414   2.10              0      0.014 -0.60
 X 258 990102 1624     0.930      2   6   49.59 -73  -10.68  145.15    3.53   9901031443   3.40   9901021624   3.10            100      0.930  0.30
 Y 259 990107 1514     1.151      2   6   49.86 -73   -1.02  151.30    4.03   9901081851   3.90   9901071514   3.60            100      1.151  0.30
 Z 260 990110 0405     0.964      2   6   48.00 -73  -10.38  150.25    4.21   9901100405   4.20   9901110313   2.70              0      0.964 -1.50
 A 261 990111 0820     2.035      5   6   49.92 -73  -10.39  141.68    4.91   9901111341   4.70   9901110820   4.60             11      0.223  0.10
 D 264 990115 1940     0.001      2   5   36.48 -75  -36.69    3.85    3.20   9901151940   3.00   9901151940   2.90              0      0.000 -0.10
 E 265 990125 1819    36.199     92   4   28.31 -75  -41.07    4.05    6.39   9901251819   6.30   9901252240   5.80              0      0.181 -0.50
 G 267 990208 0118     1.067      2   6   48.45 -73   -9.09  155.15    3.38   9902080118   3.30   9902090255   2.80              0      1.067 -0.50
 H 268 990217 0259     1.238      3   6   50.36 -73   -5.46  145.07    3.97   9902171657   3.90   9902170259   3.30             47      0.582  0.60
 I 269 990218 1142     0.619      2   6   50.67 -73   -6.06  139.70    2.90   9902181142   2.70   9902190234   2.60              0      0.619 -0.10
 J 270 990227 0112     1.494      3   6   49.78 -72  -58.56  173.33    5.31   9902270112   5.30   9902281304   3.90              0      1.494 -1.40
 K 271 990227 0455     0.376      2   6   46.92 -72  -53.43  160.00    3.63   9902270455   3.50   9902271357   3.20              0      0.376 -0.30
 L 272 990306 0739     0.094      2   6   50.94 -73   -2.64  147.20    2.86   9903060954   2.70   9903060739   2.50            100      0.094  0.20
 M 273 990319 0037     0.092      2   6   48.33 -73   -2.79  156.95    3.53   9903190249   3.50   9903190037   2.60            100      0.092  0.90
 N 274 990403 1536     0.115      2   1   52.35 -76   -0.45    0.75    3.52   9904031536   3.50   9904031822   2.50              0      0.115 -1.00
 O 275 990408 1409     0.064      2   4   29.19 -75  -41.07    4.00    3.70   9904081541   3.50   9904081409   3.40            100      0.064  0.10
 P 276 990411 0458     1.138      2   6   45.12 -73   -6.36  135.80    3.46   9904110458   3.30   9904120817   3.10              0      1.138 -0.20
 Q 277 990503 0015     1.249      2   6   46.53 -72  -53.55  150.00    3.40   9905040613   3.30   9905030015   2.90            100      1.249  0.40
 R 278 990504 0401     1.012      2   6   45.45 -72  -54.78  150.00    3.56   9905050418   3.50   9905040401   2.90            100      1.012  0.60
 S 279 990515 1408     7.097      3   4   29.50 -75  -39.92    4.87    2.92   9905151408   2.60   9905160344   2.60              0      0.567 -0.00
 T 280 990521 0258     0.025      2   7   18.12 -77  -33.69    0.00    4.20   9905210258   4.10   9905210334   3.70              0      0.025 -0.40
 U 281 990525 2228     0.197      2   6   48.24 -72  -53.52  160.00    4.03   9905260312   3.90   9905252228   3.60            100      0.197  0.30
 V 282 990601 2142     0.475      4   4   16.29 -73  -45.98    0.80    5.20   9906012142   5.20   9906012244   3.00              0      0.043 -2.20
 W 283 990602 2245     0.172      2   6   46.53 -72  -53.34  160.00    3.60   9906022245   3.50   9906030253   3.10              0      0.172 -0.40
 X 284 990611 2025     1.452      3   4   43.20 -74  -42.28    0.63    4.11   9906112025   4.10   9906120219   2.50              0      0.246 -1.60
 Y 285 990714 2323     0.088      2   6   48.78 -73  -11.55  147.70    2.66   9907142323   2.50   9907150130   2.30              0      0.088 -0.20
 Z 286 990717 1221     0.590      4   6    5.44 -72  -47.01    0.73    5.40   9907171221   5.40   9907171241   2.60              0      0.014 -2.80
 A 287 990719 2237     1.897      2   6   48.54 -72  -57.39  149.50    3.25   9907192237   3.00   9907212009   3.00              0      1.897 -0.00
 B 288 990724 0428     0.005      2   6    8.40 -74  -17.46   32.05    2.90   9907240428   2.80   9907240435   2.40              0      0.005 -0.40
 C 289 990811 0315     0.200      2   6   47.97 -72  -56.94  147.35    2.90   9908110315   2.80   9908110803   2.40              0      0.200 -0.40
 D 290 990831 1210     9.178      4   6   49.33 -73   -9.43  142.08    3.80   9909091627   3.60   9909091246   3.30            100      0.153  0.30
 E 291 991009 1202     0.199      2   5   31.71 -74  -34.32   11.15    4.32   9910091202   4.30   9910091648   3.20              0      0.199 -1.10
 F 292 991021 1223     0.040      2   6   47.70 -73   -5.73  143.05    3.54   9910211223   3.50   9910211320   2.70              0      0.040 -0.80
 G 293 991021 1550     0.372      2   4   28.56 -75  -42.81    4.00    3.95   9910211550   3.70   9910220046   3.70              0      0.372 -0.00
 H 294 991026 0311     1.143      2   6   48.48 -72  -57.93  149.75    2.93   9910270637   2.80   9910260311   2.50            100      1.143  0.30
 I 295 991026 2252     1.049      3   6   43.34 -73  -16.98  143.63    5.03   9910262252   5.00   9910280003   4.10              0      1.049 -0.90
 J 296 991108 0551     0.149      2   6   50.01 -73   -9.36  152.30    6.20   9911080551   6.20   9911080925   2.90              0      0.149 -3.30
 K 297 991126 0221     1.872      4   6   49.08 -73   -7.23  147.10    4.35   9911260221   4.30   9911261819   3.50              0      0.665 -0.80
 L 298 991212 1143    18.929     51   6   48.80 -73   -3.86  149.29    5.38   9912121143   5.30   9912131425   4.30              0      1.112 -1.00
