Searching quakes' phases with the criterium:
	select quakeid,qjd,qlat,qlon,qdepth,Ml from Quakes where country='COLOMBIA'and qphases<>'' and (cluster1='0' or cluster1 like '-%') and qlat+0>=0.00 and qlat+0<12.00 and qlon+0>=-82.50 and qlon+0<-68.50 limit 100
100 quakes found.
Ml =  0.0
	Depth =  0.0
		nphases =  0
	Depth =  13.3333333333
		nphases =  0
	Depth =  26.6666666667
		nphases =  0
	Depth =  40.0
		nphases =  0
	Depth =  53.3333333333
		nphases =  0
	Depth =  66.6666666667
		nphases =  0
	Depth =  80.0
		nphases =  0
	Depth =  93.3333333333
		nphases =  0
	Depth =  106.666666667
		nphases =  0
	Depth =  120.0
		nphases =  0
Ml =  0.777777777778
	Depth =  0.0
		nphases =  0
	Depth =  13.3333333333
		nphases =  0
	Depth =  26.6666666667
		nphases =  0
	Depth =  40.0
		nphases =  1
	Depth =  53.3333333333
		nphases =  1
	Depth =  66.6666666667
		nphases =  1
	Depth =  80.0
		nphases =  1
	Depth =  93.3333333333
		nphases =  1
	Depth =  106.666666667
		nphases =  1
	Depth =  120.0
		nphases =  1
Ml =  1.55555555556
	Depth =  0.0
		nphases =  1
	Depth =  13.3333333333
		nphases =  1
	Depth =  26.6666666667
		nphases =  3
	Depth =  40.0
		nphases =  5
	Depth =  53.3333333333
		nphases =  5
	Depth =  66.6666666667
		nphases =  7
	Depth =  80.0
		nphases =  7
	Depth =  93.3333333333
		nphases =  7
	Depth =  106.666666667
		nphases =  9
	Depth =  120.0
		nphases =  13
Ml =  2.33333333333
	Depth =  0.0
		nphases =  4
	Depth =  13.3333333333
		nphases =  12
	Depth =  26.6666666667
		nphases =  18
	Depth =  40.0
		nphases =  21
	Depth =  53.3333333333
		nphases =  23
	Depth =  66.6666666667
		nphases =  25
	Depth =  80.0
		nphases =  25
	Depth =  93.3333333333
		nphases =  26
	Depth =  106.666666667
		nphases =  30
	Depth =  120.0
		nphases =  38
Ml =  3.11111111111
	Depth =  0.0
		nphases =  4
	Depth =  13.3333333333
		nphases =  20
	Depth =  26.6666666667
		nphases =  27
	Depth =  40.0
		nphases =  31
	Depth =  53.3333333333
		nphases =  34
	Depth =  66.6666666667
		nphases =  36
	Depth =  80.0
		nphases =  36
	Depth =  93.3333333333
		nphases =  39
	Depth =  106.666666667
		nphases =  43
	Depth =  120.0
		nphases =  54
Ml =  3.88888888889
	Depth =  0.0
		nphases =  5
	Depth =  13.3333333333
		nphases =  24
	Depth =  26.6666666667
		nphases =  31
	Depth =  40.0
		nphases =  37
	Depth =  53.3333333333
		nphases =  40
	Depth =  66.6666666667
		nphases =  42
	Depth =  80.0
		nphases =  42
	Depth =  93.3333333333
		nphases =  45
	Depth =  106.666666667
		nphases =  49
	Depth =  120.0
		nphases =  60
Ml =  4.66666666667
	Depth =  0.0
		nphases =  5
	Depth =  13.3333333333
		nphases =  25
	Depth =  26.6666666667
		nphases =  32
	Depth =  40.0
		nphases =  38
	Depth =  53.3333333333
		nphases =  41
	Depth =  66.6666666667
		nphases =  43
	Depth =  80.0
		nphases =  43
	Depth =  93.3333333333
		nphases =  46
	Depth =  106.666666667
		nphases =  50
	Depth =  120.0
		nphases =  61
Ml =  5.44444444444
	Depth =  0.0
		nphases =  5
	Depth =  13.3333333333
		nphases =  25
	Depth =  26.6666666667
		nphases =  32
	Depth =  40.0
		nphases =  38
	Depth =  53.3333333333
		nphases =  41
	Depth =  66.6666666667
		nphases =  43
	Depth =  80.0
		nphases =  43
	Depth =  93.3333333333
		nphases =  46
	Depth =  106.666666667
		nphases =  50
	Depth =  120.0
		nphases =  61
Ml =  6.22222222222
	Depth =  0.0
		nphases =  5
	Depth =  13.3333333333
		nphases =  25
	Depth =  26.6666666667
		nphases =  32
	Depth =  40.0
		nphases =  38
	Depth =  53.3333333333
		nphases =  41
	Depth =  66.6666666667
		nphases =  43
	Depth =  80.0
		nphases =  43
	Depth =  93.3333333333
		nphases =  46
	Depth =  106.666666667
		nphases =  50
	Depth =  120.0
		nphases =  61
Ml =  7.0
	Depth =  0.0
		nphases =  5
	Depth =  13.3333333333
		nphases =  25
	Depth =  26.6666666667
		nphases =  32
	Depth =  40.0
		nphases =  38
	Depth =  53.3333333333
		nphases =  41
	Depth =  66.6666666667
		nphases =  43
	Depth =  80.0
		nphases =  43
	Depth =  93.3333333333
		nphases =  46
	Depth =  106.666666667
		nphases =  50
	Depth =  120.0
		nphases =  61
Saving figure  ./quakes-schuster-Ml_depth__b131033f7a31bc29a9eaf1799637afd9.png
